#-----------------------------------------------------------
# Vivado v2018.2 (64-bit)
# SW Build 2258646 on Thu Jun 14 20:03:12 MDT 2018
# IP Build 2256618 on Thu Jun 14 22:10:49 MDT 2018
# Start of session at: Fri Jul  1 02:34:48 2022
# Process ID: 6088
# Current directory: C:/Users/Miljkovic/Desktop/VLSI-Projekat/Traffic_Lights/Traffic_Lights
# Command line: vivado.exe -gui_launcher_event rodinguilauncherevent10628 C:\Users\Miljkovic\Desktop\VLSI-Projekat\Traffic_Lights\Traffic_Lights\Traffic_Lights.xpr
# Log file: C:/Users/Miljkovic/Desktop/VLSI-Projekat/Traffic_Lights/Traffic_Lights/vivado.log
# Journal file: C:/Users/Miljkovic/Desktop/VLSI-Projekat/Traffic_Lights/Traffic_Lights\vivado.jou
#-----------------------------------------------------------
start_gui
open_project C:/Users/Miljkovic/Desktop/VLSI-Projekat/Traffic_Lights/Traffic_Lights/Traffic_Lights.xpr
Scanning sources...
Finished scanning sources
INFO: [IP_Flow 19-234] Refreshing IP repositories
INFO: [IP_Flow 19-1704] No user IP repositories specified
INFO: [IP_Flow 19-2313] Loaded Vivado IP repository 'C:/Programiranje/VivadoDev/Vivado/2018.2/data/ip'.
open_project: Time (s): cpu = 00:00:13 ; elapsed = 00:00:06 . Memory (MB): peak = 933.992 ; gain = 198.625
update_compile_order -fileset sources_1
open_hw
connect_hw_server
INFO: [Labtools 27-2285] Connecting to hw_server url TCP:localhost:3121
INFO: [Labtools 27-2222] Launching hw_server...
INFO: [Labtools 27-2221] Launch Output:

****** Xilinx hw_server v2018.2
  **** Build date : Jun 14 2018-20:42:52
    ** Copyright 1986-2018 Xilinx, Inc. All Rights Reserved.


exit
INFO: [Common 17-206] Exiting Vivado at Fri Jul  1 03:34:42 2022...
